Performing C++ SOURCE FILE Test check_cxx_compiler_flag__xSSE2 failed with the following output:
Change Dir: /home/parallels/vc/build/CMakeFiles/CMakeTmp

Run Build Command:"/usr/bin/make" "cmTC_99924/fast"
/usr/bin/make -f CMakeFiles/cmTC_99924.dir/build.make CMakeFiles/cmTC_99924.dir/build
make[1]: Entering directory '/home/parallels/vc/build/CMakeFiles/CMakeTmp'
Building CXX object CMakeFiles/cmTC_99924.dir/src.cxx.o
/usr/bin/c++     -std=c++14 -W -Wall -Wswitch -Wformat -Wchar-subscripts -Wparentheses -Wmultichar -Wtrigraphs -Wpointer-arith -Wcast-align -Wreturn-type -pedantic -Wshadow -Wundef -Wold-style-cast -ftemplate-depth=128 -Dcheck_cxx_compiler_flag__xSSE2   -xSSE2 -o CMakeFiles/cmTC_99924.dir/src.cxx.o -c /home/parallels/vc/build/CMakeFiles/CMakeTmp/src.cxx
c++: error: language SSE2 not recognized
c++: error: language SSE2 not recognized
CMakeFiles/cmTC_99924.dir/build.make:65: recipe for target 'CMakeFiles/cmTC_99924.dir/src.cxx.o' failed
make[1]: *** [CMakeFiles/cmTC_99924.dir/src.cxx.o] Error 1
make[1]: Leaving directory '/home/parallels/vc/build/CMakeFiles/CMakeTmp'
Makefile:126: recipe for target 'cmTC_99924/fast' failed
make: *** [cmTC_99924/fast] Error 2

Source file was:
#include <cstdio>
      int main() { return 0; }
Performing C++ SOURCE FILE Test check_cxx_compiler_flag__xSSE3 failed with the following output:
Change Dir: /home/parallels/vc/build/CMakeFiles/CMakeTmp

Run Build Command:"/usr/bin/make" "cmTC_bbbbe/fast"
/usr/bin/make -f CMakeFiles/cmTC_bbbbe.dir/build.make CMakeFiles/cmTC_bbbbe.dir/build
make[1]: Entering directory '/home/parallels/vc/build/CMakeFiles/CMakeTmp'
Building CXX object CMakeFiles/cmTC_bbbbe.dir/src.cxx.o
/usr/bin/c++     -std=c++14 -W -Wall -Wswitch -Wformat -Wchar-subscripts -Wparentheses -Wmultichar -Wtrigraphs -Wpointer-arith -Wcast-align -Wreturn-type -pedantic -Wshadow -Wundef -Wold-style-cast -ftemplate-depth=128 -Dcheck_cxx_compiler_flag__xSSE3   -xSSE3 -o CMakeFiles/cmTC_bbbbe.dir/src.cxx.o -c /home/parallels/vc/build/CMakeFiles/CMakeTmp/src.cxx
c++: error: language SSE3 not recognized
c++: error: language SSE3 not recognized
CMakeFiles/cmTC_bbbbe.dir/build.make:65: recipe for target 'CMakeFiles/cmTC_bbbbe.dir/src.cxx.o' failed
make[1]: *** [CMakeFiles/cmTC_bbbbe.dir/src.cxx.o] Error 1
make[1]: Leaving directory '/home/parallels/vc/build/CMakeFiles/CMakeTmp'
Makefile:126: recipe for target 'cmTC_bbbbe/fast' failed
make: *** [cmTC_bbbbe/fast] Error 2

Source file was:
#include <cstdio>
      int main() { return 0; }
Performing C++ SOURCE FILE Test check_cxx_compiler_flag__xSSSE3 failed with the following output:
Change Dir: /home/parallels/vc/build/CMakeFiles/CMakeTmp

Run Build Command:"/usr/bin/make" "cmTC_2e286/fast"
/usr/bin/make -f CMakeFiles/cmTC_2e286.dir/build.make CMakeFiles/cmTC_2e286.dir/build
make[1]: Entering directory '/home/parallels/vc/build/CMakeFiles/CMakeTmp'
Building CXX object CMakeFiles/cmTC_2e286.dir/src.cxx.o
/usr/bin/c++     -std=c++14 -W -Wall -Wswitch -Wformat -Wchar-subscripts -Wparentheses -Wmultichar -Wtrigraphs -Wpointer-arith -Wcast-align -Wreturn-type -pedantic -Wshadow -Wundef -Wold-style-cast -ftemplate-depth=128 -Dcheck_cxx_compiler_flag__xSSSE3   -xSSSE3 -o CMakeFiles/cmTC_2e286.dir/src.cxx.o -c /home/parallels/vc/build/CMakeFiles/CMakeTmp/src.cxx
c++: error: language SSSE3 not recognized
c++: error: language SSSE3 not recognized
CMakeFiles/cmTC_2e286.dir/build.make:65: recipe for target 'CMakeFiles/cmTC_2e286.dir/src.cxx.o' failed
make[1]: *** [CMakeFiles/cmTC_2e286.dir/src.cxx.o] Error 1
make[1]: Leaving directory '/home/parallels/vc/build/CMakeFiles/CMakeTmp'
Makefile:126: recipe for target 'cmTC_2e286/fast' failed
make: *** [cmTC_2e286/fast] Error 2

Source file was:
#include <cstdio>
      int main() { return 0; }
Performing C++ SOURCE FILE Test check_cxx_compiler_flag__xSSE4_1 failed with the following output:
Change Dir: /home/parallels/vc/build/CMakeFiles/CMakeTmp

Run Build Command:"/usr/bin/make" "cmTC_1bc3a/fast"
/usr/bin/make -f CMakeFiles/cmTC_1bc3a.dir/build.make CMakeFiles/cmTC_1bc3a.dir/build
make[1]: Entering directory '/home/parallels/vc/build/CMakeFiles/CMakeTmp'
Building CXX object CMakeFiles/cmTC_1bc3a.dir/src.cxx.o
/usr/bin/c++     -std=c++14 -W -Wall -Wswitch -Wformat -Wchar-subscripts -Wparentheses -Wmultichar -Wtrigraphs -Wpointer-arith -Wcast-align -Wreturn-type -pedantic -Wshadow -Wundef -Wold-style-cast -ftemplate-depth=128 -Dcheck_cxx_compiler_flag__xSSE4_1   -xSSE4.1 -o CMakeFiles/cmTC_1bc3a.dir/src.cxx.o -c /home/parallels/vc/build/CMakeFiles/CMakeTmp/src.cxx
c++: error: language SSE4.1 not recognized
c++: error: language SSE4.1 not recognized
CMakeFiles/cmTC_1bc3a.dir/build.make:65: recipe for target 'CMakeFiles/cmTC_1bc3a.dir/src.cxx.o' failed
make[1]: *** [CMakeFiles/cmTC_1bc3a.dir/src.cxx.o] Error 1
make[1]: Leaving directory '/home/parallels/vc/build/CMakeFiles/CMakeTmp'
Makefile:126: recipe for target 'cmTC_1bc3a/fast' failed
make: *** [cmTC_1bc3a/fast] Error 2

Source file was:
#include <cstdio>
      int main() { return 0; }
Performing C++ SOURCE FILE Test check_cxx_compiler_flag__xAVX failed with the following output:
Change Dir: /home/parallels/vc/build/CMakeFiles/CMakeTmp

Run Build Command:"/usr/bin/make" "cmTC_a4fd1/fast"
/usr/bin/make -f CMakeFiles/cmTC_a4fd1.dir/build.make CMakeFiles/cmTC_a4fd1.dir/build
make[1]: Entering directory '/home/parallels/vc/build/CMakeFiles/CMakeTmp'
Building CXX object CMakeFiles/cmTC_a4fd1.dir/src.cxx.o
/usr/bin/c++     -std=c++14 -W -Wall -Wswitch -Wformat -Wchar-subscripts -Wparentheses -Wmultichar -Wtrigraphs -Wpointer-arith -Wcast-align -Wreturn-type -pedantic -Wshadow -Wundef -Wold-style-cast -ftemplate-depth=128 -Dcheck_cxx_compiler_flag__xAVX   -xAVX -o CMakeFiles/cmTC_a4fd1.dir/src.cxx.o -c /home/parallels/vc/build/CMakeFiles/CMakeTmp/src.cxx
c++: error: language AVX not recognized
c++: error: language AVX not recognized
CMakeFiles/cmTC_a4fd1.dir/build.make:65: recipe for target 'CMakeFiles/cmTC_a4fd1.dir/src.cxx.o' failed
make[1]: *** [CMakeFiles/cmTC_a4fd1.dir/src.cxx.o] Error 1
make[1]: Leaving directory '/home/parallels/vc/build/CMakeFiles/CMakeTmp'
Makefile:126: recipe for target 'cmTC_a4fd1/fast' failed
make: *** [cmTC_a4fd1/fast] Error 2

Source file was:
#include <cstdio>
      int main() { return 0; }
Performing C++ SOURCE FILE Test check_cxx_compiler_flag__xCORE_AVX2 failed with the following output:
Change Dir: /home/parallels/vc/build/CMakeFiles/CMakeTmp

Run Build Command:"/usr/bin/make" "cmTC_4e7dc/fast"
/usr/bin/make -f CMakeFiles/cmTC_4e7dc.dir/build.make CMakeFiles/cmTC_4e7dc.dir/build
make[1]: Entering directory '/home/parallels/vc/build/CMakeFiles/CMakeTmp'
Building CXX object CMakeFiles/cmTC_4e7dc.dir/src.cxx.o
/usr/bin/c++     -std=c++14 -W -Wall -Wswitch -Wformat -Wchar-subscripts -Wparentheses -Wmultichar -Wtrigraphs -Wpointer-arith -Wcast-align -Wreturn-type -pedantic -Wshadow -Wundef -Wold-style-cast -ftemplate-depth=128 -Dcheck_cxx_compiler_flag__xCORE_AVX2   -xCORE-AVX2 -o CMakeFiles/cmTC_4e7dc.dir/src.cxx.o -c /home/parallels/vc/build/CMakeFiles/CMakeTmp/src.cxx
c++: error: language CORE-AVX2 not recognized
c++: error: language CORE-AVX2 not recognized
CMakeFiles/cmTC_4e7dc.dir/build.make:65: recipe for target 'CMakeFiles/cmTC_4e7dc.dir/src.cxx.o' failed
make[1]: *** [CMakeFiles/cmTC_4e7dc.dir/src.cxx.o] Error 1
make[1]: Leaving directory '/home/parallels/vc/build/CMakeFiles/CMakeTmp'
Makefile:126: recipe for target 'cmTC_4e7dc/fast' failed
make: *** [cmTC_4e7dc/fast] Error 2

Source file was:
#include <cstdio>
      int main() { return 0; }
